<?xml version="1.0" encoding="UTF-8"?>
<testng-results ignored="0" total="19" passed="19" failed="0" skipped="0">
  <reporter-output>
  </reporter-output>
  <suite started-at="2026-09-18T14:33:59 IST" name="eCommerce Test Suite" finished-at="2026-09-18T14:35:17 IST" duration-ms="78283">
    <groups>
    </groups>
    <test started-at="2026-09-18T14:33:59 IST" name="All Tests" finished-at="2026-09-18T14:35:17 IST" duration-ms="78283">
      <class name="tests.LoginTest">
        <test-method is-config="true" signature="setUp()[pri:0, instance:tests.LoginTest@77888435]" started-at="2026-09-18T14:33:59 IST" name="setUp" finished-at="2026-09-18T14:34:11 IST" duration-ms="12583" status="PASS">
          <reporter-output>
          </reporter-output>
        </test-method> <!-- setUp -->
        <test-method signature="emptyFieldsTest()[pri:0, instance:tests.LoginTest@77888435]" started-at="2026-09-18T14:34:11 IST" name="emptyFieldsTest" description="Empty fields test" finished-at="2026-09-18T14:34:12 IST" duration-ms="272" status="PASS">
          <reporter-output>
          </reporter-output>
        </test-method> <!-- emptyFieldsTest -->
        <test-method is-config="true" signature="tearDown()[pri:0, instance:tests.LoginTest@77888435]" started-at="2026-09-18T14:34:12 IST" name="tearDown" finished-at="2026-09-18T14:34:12 IST" duration-ms="288" status="PASS">
          <reporter-output>
          </reporter-output>
        </test-method> <!-- tearDown -->
        <test-method is-config="true" signature="setUp()[pri:0, instance:tests.LoginTest@77888435]" started-at="2026-09-18T14:34:12 IST" name="setUp" finished-at="2026-09-18T14:34:14 IST" duration-ms="2087" status="PASS">
          <reporter-output>
          </reporter-output>
        </test-method> <!-- setUp -->
        <test-method signature="invalidLoginTest()[pri:0, instance:tests.LoginTest@77888435]" started-at="2026-09-18T14:34:14 IST" name="invalidLoginTest" description="Invalid login test" finished-at="2026-09-18T14:34:14 IST" duration-ms="541" status="PASS">
          <reporter-output>
          </reporter-output>
        </test-method> <!-- invalidLoginTest -->
        <test-method is-config="true" signature="tearDown()[pri:0, instance:tests.LoginTest@77888435]" started-at="2026-09-18T14:34:14 IST" name="tearDown" finished-at="2026-09-18T14:34:15 IST" duration-ms="213" status="PASS">
          <reporter-output>
          </reporter-output>
        </test-method> <!-- tearDown -->
        <test-method is-config="true" signature="setUp()[pri:0, instance:tests.LoginTest@77888435]" started-at="2026-09-18T14:34:15 IST" name="setUp" finished-at="2026-09-18T14:34:17 IST" duration-ms="2103" status="PASS">
          <reporter-output>
          </reporter-output>
        </test-method> <!-- setUp -->
        <test-method signature="lockedUserTest()[pri:0, instance:tests.LoginTest@77888435]" started-at="2026-09-18T14:34:17 IST" name="lockedUserTest" description="Locked user test" finished-at="2026-09-18T14:34:17 IST" duration-ms="485" status="PASS">
          <reporter-output>
          </reporter-output>
        </test-method> <!-- lockedUserTest -->
        <test-method is-config="true" signature="tearDown()[pri:0, instance:tests.LoginTest@77888435]" started-at="2026-09-18T14:34:17 IST" name="tearDown" finished-at="2026-09-18T14:34:17 IST" duration-ms="222" status="PASS">
          <reporter-output>
          </reporter-output>
        </test-method> <!-- tearDown -->
        <test-method is-config="true" signature="setUp()[pri:0, instance:tests.LoginTest@77888435]" started-at="2026-09-18T14:34:17 IST" name="setUp" finished-at="2026-09-18T14:34:20 IST" duration-ms="2143" status="PASS">
          <reporter-output>
          </reporter-output>
        </test-method> <!-- setUp -->
        <test-method signature="validLoginTest()[pri:0, instance:tests.LoginTest@77888435]" started-at="2026-09-18T14:34:20 IST" name="validLoginTest" description="Valid login test" finished-at="2026-09-18T14:34:20 IST" duration-ms="492" status="PASS">
          <reporter-output>
          </reporter-output>
        </test-method> <!-- validLoginTest -->
        <test-method is-config="true" signature="tearDown()[pri:0, instance:tests.LoginTest@77888435]" started-at="2026-09-18T14:34:20 IST" name="tearDown" finished-at="2026-09-18T14:34:20 IST" duration-ms="209" status="PASS">
          <reporter-output>
          </reporter-output>
        </test-method> <!-- tearDown -->
      </class> <!-- tests.LoginTest -->
      <class name="tests.CartTest">
        <test-method is-config="true" signature="setUp()[pri:0, instance:tests.CartTest@385c9627]" started-at="2026-09-18T14:34:38 IST" name="setUp" finished-at="2026-09-18T14:34:39 IST" duration-ms="1880" status="PASS">
          <reporter-output>
          </reporter-output>
        </test-method> <!-- setUp -->
        <test-method signature="continueShoppingTest()[pri:0, instance:tests.CartTest@385c9627]" started-at="2026-09-18T14:34:39 IST" name="continueShoppingTest" description="Continue shopping" finished-at="2026-09-18T14:34:40 IST" duration-ms="846" status="PASS">
          <reporter-output>
          </reporter-output>
        </test-method> <!-- continueShoppingTest -->
        <test-method is-config="true" signature="tearDown()[pri:0, instance:tests.CartTest@385c9627]" started-at="2026-09-18T14:34:40 IST" name="tearDown" finished-at="2026-09-18T14:34:41 IST" duration-ms="212" status="PASS">
          <reporter-output>
          </reporter-output>
        </test-method> <!-- tearDown -->
        <test-method is-config="true" signature="setUp()[pri:0, instance:tests.CartTest@385c9627]" started-at="2026-09-18T14:34:41 IST" name="setUp" finished-at="2026-09-18T14:34:43 IST" duration-ms="2056" status="PASS">
          <reporter-output>
          </reporter-output>
        </test-method> <!-- setUp -->
        <test-method signature="removeItemFromCartTest()[pri:0, instance:tests.CartTest@385c9627]" started-at="2026-09-18T14:34:43 IST" name="removeItemFromCartTest" description="Remove item from cart" finished-at="2026-09-18T14:34:53 IST" duration-ms="10862" status="PASS">
          <reporter-output>
          </reporter-output>
        </test-method> <!-- removeItemFromCartTest -->
        <test-method is-config="true" signature="tearDown()[pri:0, instance:tests.CartTest@385c9627]" started-at="2026-09-18T14:34:53 IST" name="tearDown" finished-at="2026-09-18T14:34:54 IST" duration-ms="276" status="PASS">
          <reporter-output>
          </reporter-output>
        </test-method> <!-- tearDown -->
        <test-method is-config="true" signature="setUp()[pri:0, instance:tests.CartTest@385c9627]" started-at="2026-09-18T14:34:54 IST" name="setUp" finished-at="2026-09-18T14:34:56 IST" duration-ms="1803" status="PASS">
          <reporter-output>
          </reporter-output>
        </test-method> <!-- setUp -->
        <test-method signature="verifyCartCountTest()[pri:0, instance:tests.CartTest@385c9627]" started-at="2026-09-18T14:34:56 IST" name="verifyCartCountTest" description="Verify cart count" finished-at="2026-09-18T14:34:56 IST" duration-ms="865" status="PASS">
          <reporter-output>
          </reporter-output>
        </test-method> <!-- verifyCartCountTest -->
        <test-method is-config="true" signature="tearDown()[pri:0, instance:tests.CartTest@385c9627]" started-at="2026-09-18T14:34:56 IST" name="tearDown" finished-at="2026-09-18T14:34:57 IST" duration-ms="206" status="PASS">
          <reporter-output>
          </reporter-output>
        </test-method> <!-- tearDown -->
        <test-method is-config="true" signature="setUp()[pri:0, instance:tests.CartTest@385c9627]" started-at="2026-09-18T14:34:57 IST" name="setUp" finished-at="2026-09-18T14:34:59 IST" duration-ms="2080" status="PASS">
          <reporter-output>
          </reporter-output>
        </test-method> <!-- setUp -->
        <test-method signature="verifyItemInCartTest()[pri:0, instance:tests.CartTest@385c9627]" started-at="2026-09-18T14:34:59 IST" name="verifyItemInCartTest" description="Verify item in cart" finished-at="2026-09-18T14:34:59 IST" duration-ms="742" status="PASS">
          <reporter-output>
          </reporter-output>
        </test-method> <!-- verifyItemInCartTest -->
        <test-method is-config="true" signature="tearDown()[pri:0, instance:tests.CartTest@385c9627]" started-at="2026-09-18T14:34:59 IST" name="tearDown" finished-at="2026-09-18T14:35:00 IST" duration-ms="201" status="PASS">
          <reporter-output>
          </reporter-output>
        </test-method> <!-- tearDown -->
      </class> <!-- tests.CartTest -->
      <class name="tests.ProductTest">
        <test-method is-config="true" signature="setUp()[pri:0, instance:tests.ProductTest@6989da5e]" started-at="2026-09-18T14:34:20 IST" name="setUp" finished-at="2026-09-18T14:34:22 IST" duration-ms="1987" status="PASS">
          <reporter-output>
          </reporter-output>
        </test-method> <!-- setUp -->
        <test-method signature="addMultipleProductsTest()[pri:0, instance:tests.ProductTest@6989da5e]" started-at="2026-09-18T14:34:22 IST" name="addMultipleProductsTest" description="Add multiple products" finished-at="2026-09-18T14:34:23 IST" duration-ms="833" status="PASS">
          <reporter-output>
          </reporter-output>
        </test-method> <!-- addMultipleProductsTest -->
        <test-method is-config="true" signature="tearDown()[pri:0, instance:tests.ProductTest@6989da5e]" started-at="2026-09-18T14:34:23 IST" name="tearDown" finished-at="2026-09-18T14:34:23 IST" duration-ms="212" status="PASS">
          <reporter-output>
          </reporter-output>
        </test-method> <!-- tearDown -->
        <test-method is-config="true" signature="setUp()[pri:0, instance:tests.ProductTest@6989da5e]" started-at="2026-09-18T14:34:23 IST" name="setUp" finished-at="2026-09-18T14:34:26 IST" duration-ms="2349" status="PASS">
          <reporter-output>
          </reporter-output>
        </test-method> <!-- setUp -->
        <test-method signature="addProductToCartTest()[pri:0, instance:tests.ProductTest@6989da5e]" started-at="2026-09-18T14:34:26 IST" name="addProductToCartTest" description="Add product to cart" finished-at="2026-09-18T14:34:26 IST" duration-ms="674" status="PASS">
          <reporter-output>
          </reporter-output>
        </test-method> <!-- addProductToCartTest -->
        <test-method is-config="true" signature="tearDown()[pri:0, instance:tests.ProductTest@6989da5e]" started-at="2026-09-18T14:34:26 IST" name="tearDown" finished-at="2026-09-18T14:34:27 IST" duration-ms="220" status="PASS">
          <reporter-output>
          </reporter-output>
        </test-method> <!-- tearDown -->
        <test-method is-config="true" signature="setUp()[pri:0, instance:tests.ProductTest@6989da5e]" started-at="2026-09-18T14:34:27 IST" name="setUp" finished-at="2026-09-18T14:34:29 IST" duration-ms="1928" status="PASS">
          <reporter-output>
          </reporter-output>
        </test-method> <!-- setUp -->
        <test-method signature="sortAtoZTest()[pri:0, instance:tests.ProductTest@6989da5e]" started-at="2026-09-18T14:34:29 IST" name="sortAtoZTest" description="Sort A to Z" finished-at="2026-09-18T14:34:29 IST" duration-ms="620" status="PASS">
          <reporter-output>
          </reporter-output>
        </test-method> <!-- sortAtoZTest -->
        <test-method is-config="true" signature="tearDown()[pri:0, instance:tests.ProductTest@6989da5e]" started-at="2026-09-18T14:34:29 IST" name="tearDown" finished-at="2026-09-18T14:34:29 IST" duration-ms="222" status="PASS">
          <reporter-output>
          </reporter-output>
        </test-method> <!-- tearDown -->
        <test-method is-config="true" signature="setUp()[pri:0, instance:tests.ProductTest@6989da5e]" started-at="2026-09-18T14:34:29 IST" name="setUp" finished-at="2026-09-18T14:34:31 IST" duration-ms="2048" status="PASS">
          <reporter-output>
          </reporter-output>
        </test-method> <!-- setUp -->
        <test-method signature="sortPriceLowHighTest()[pri:0, instance:tests.ProductTest@6989da5e]" started-at="2026-09-18T14:34:31 IST" name="sortPriceLowHighTest" description="Sort price low to high" finished-at="2026-09-18T14:34:32 IST" duration-ms="623" status="PASS">
          <reporter-output>
          </reporter-output>
        </test-method> <!-- sortPriceLowHighTest -->
        <test-method is-config="true" signature="tearDown()[pri:0, instance:tests.ProductTest@6989da5e]" started-at="2026-09-18T14:34:32 IST" name="tearDown" finished-at="2026-09-18T14:34:32 IST" duration-ms="228" status="PASS">
          <reporter-output>
          </reporter-output>
        </test-method> <!-- tearDown -->
        <test-method is-config="true" signature="setUp()[pri:0, instance:tests.ProductTest@6989da5e]" started-at="2026-09-18T14:34:32 IST" name="setUp" finished-at="2026-09-18T14:34:34 IST" duration-ms="1932" status="PASS">
          <reporter-output>
          </reporter-output>
        </test-method> <!-- setUp -->
        <test-method signature="sortZtoATest()[pri:0, instance:tests.ProductTest@6989da5e]" started-at="2026-09-18T14:34:34 IST" name="sortZtoATest" description="Sort Z to A" finished-at="2026-09-18T14:34:35 IST" duration-ms="625" status="PASS">
          <reporter-output>
          </reporter-output>
        </test-method> <!-- sortZtoATest -->
        <test-method is-config="true" signature="tearDown()[pri:0, instance:tests.ProductTest@6989da5e]" started-at="2026-09-18T14:34:35 IST" name="tearDown" finished-at="2026-09-18T14:34:35 IST" duration-ms="247" status="PASS">
          <reporter-output>
          </reporter-output>
        </test-method> <!-- tearDown -->
        <test-method is-config="true" signature="setUp()[pri:0, instance:tests.ProductTest@6989da5e]" started-at="2026-09-18T14:34:35 IST" name="setUp" finished-at="2026-09-18T14:34:37 IST" duration-ms="1758" status="PASS">
          <reporter-output>
          </reporter-output>
        </test-method> <!-- setUp -->
        <test-method signature="verifyProductsPageTest()[pri:0, instance:tests.ProductTest@6989da5e]" started-at="2026-09-18T14:34:37 IST" name="verifyProductsPageTest" description="Verify products page" finished-at="2026-09-18T14:34:37 IST" duration-ms="522" status="PASS">
          <reporter-output>
          </reporter-output>
        </test-method> <!-- verifyProductsPageTest -->
        <test-method is-config="true" signature="tearDown()[pri:0, instance:tests.ProductTest@6989da5e]" started-at="2026-09-18T14:34:37 IST" name="tearDown" finished-at="2026-09-18T14:34:38 IST" duration-ms="180" status="PASS">
          <reporter-output>
          </reporter-output>
        </test-method> <!-- tearDown -->
      </class> <!-- tests.ProductTest -->
      <class name="tests.CheckoutTest">
        <test-method is-config="true" signature="setUp()[pri:0, instance:tests.CheckoutTest@139982de]" started-at="2026-09-18T14:35:00 IST" name="setUp" finished-at="2026-09-18T14:35:02 IST" duration-ms="1927" status="PASS">
          <reporter-output>
          </reporter-output>
        </test-method> <!-- setUp -->
        <test-method signature="completeCheckoutTest()[pri:0, instance:tests.CheckoutTest@139982de]" started-at="2026-09-18T14:35:02 IST" name="completeCheckoutTest" description="Complete E2E checkout" finished-at="2026-09-18T14:35:03 IST" duration-ms="1426" status="PASS">
          <reporter-output>
          </reporter-output>
        </test-method> <!-- completeCheckoutTest -->
        <test-method is-config="true" signature="tearDown()[pri:0, instance:tests.CheckoutTest@139982de]" started-at="2026-09-18T14:35:03 IST" name="tearDown" finished-at="2026-09-18T14:35:03 IST" duration-ms="194" status="PASS">
          <reporter-output>
          </reporter-output>
        </test-method> <!-- tearDown -->
        <test-method is-config="true" signature="setUp()[pri:0, instance:tests.CheckoutTest@139982de]" started-at="2026-09-18T14:35:03 IST" name="setUp" finished-at="2026-09-18T14:35:05 IST" duration-ms="1922" status="PASS">
          <reporter-output>
          </reporter-output>
        </test-method> <!-- setUp -->
        <test-method signature="emptyFirstNameTest()[pri:0, instance:tests.CheckoutTest@139982de]" started-at="2026-09-18T14:35:05 IST" name="emptyFirstNameTest" description="Empty first name" finished-at="2026-09-18T14:35:06 IST" duration-ms="1275" status="PASS">
          <reporter-output>
          </reporter-output>
        </test-method> <!-- emptyFirstNameTest -->
        <test-method is-config="true" signature="tearDown()[pri:0, instance:tests.CheckoutTest@139982de]" started-at="2026-09-18T14:35:06 IST" name="tearDown" finished-at="2026-09-18T14:35:07 IST" duration-ms="196" status="PASS">
          <reporter-output>
          </reporter-output>
        </test-method> <!-- tearDown -->
        <test-method is-config="true" signature="setUp()[pri:0, instance:tests.CheckoutTest@139982de]" started-at="2026-09-18T14:35:07 IST" name="setUp" finished-at="2026-09-18T14:35:09 IST" duration-ms="1959" status="PASS">
          <reporter-output>
          </reporter-output>
        </test-method> <!-- setUp -->
        <test-method signature="emptyLastNameTest()[pri:0, instance:tests.CheckoutTest@139982de]" started-at="2026-09-18T14:35:09 IST" name="emptyLastNameTest" description="Empty last name" finished-at="2026-09-18T14:35:10 IST" duration-ms="1179" status="PASS">
          <reporter-output>
          </reporter-output>
        </test-method> <!-- emptyLastNameTest -->
        <test-method is-config="true" signature="tearDown()[pri:0, instance:tests.CheckoutTest@139982de]" started-at="2026-09-18T14:35:10 IST" name="tearDown" finished-at="2026-09-18T14:35:10 IST" duration-ms="207" status="PASS">
          <reporter-output>
          </reporter-output>
        </test-method> <!-- tearDown -->
        <test-method is-config="true" signature="setUp()[pri:0, instance:tests.CheckoutTest@139982de]" started-at="2026-09-18T14:35:10 IST" name="setUp" finished-at="2026-09-18T14:35:12 IST" duration-ms="1868" status="PASS">
          <reporter-output>
          </reporter-output>
        </test-method> <!-- setUp -->
        <test-method signature="emptyPostalCodeTest()[pri:0, instance:tests.CheckoutTest@139982de]" started-at="2026-09-18T14:35:12 IST" name="emptyPostalCodeTest" description="Empty postal code" finished-at="2026-09-18T14:35:13 IST" duration-ms="1234" status="PASS">
          <reporter-output>
          </reporter-output>
        </test-method> <!-- emptyPostalCodeTest -->
        <test-method is-config="true" signature="tearDown()[pri:0, instance:tests.CheckoutTest@139982de]" started-at="2026-09-18T14:35:13 IST" name="tearDown" finished-at="2026-09-18T14:35:13 IST" duration-ms="213" status="PASS">
          <reporter-output>
          </reporter-output>
        </test-method> <!-- tearDown -->
        <test-method is-config="true" signature="setUp()[pri:0, instance:tests.CheckoutTest@139982de]" started-at="2026-09-18T14:35:13 IST" name="setUp" finished-at="2026-09-18T14:35:15 IST" duration-ms="2109" status="PASS">
          <reporter-output>
          </reporter-output>
        </test-method> <!-- setUp -->
        <test-method signature="verifyOrderSummaryTest()[pri:0, instance:tests.CheckoutTest@139982de]" started-at="2026-09-18T14:35:15 IST" name="verifyOrderSummaryTest" description="Verify order summary" finished-at="2026-09-18T14:35:17 IST" duration-ms="1353" status="PASS">
          <reporter-output>
          </reporter-output>
        </test-method> <!-- verifyOrderSummaryTest -->
        <test-method is-config="true" signature="tearDown()[pri:0, instance:tests.CheckoutTest@139982de]" started-at="2026-09-18T14:35:17 IST" name="tearDown" finished-at="2026-09-18T14:35:17 IST" duration-ms="207" status="PASS">
          <reporter-output>
          </reporter-output>
        </test-method> <!-- tearDown -->
      </class> <!-- tests.CheckoutTest -->
    </test> <!-- All Tests -->
  </suite> <!-- eCommerce Test Suite -->
</testng-results>
