<?xml version="1.0" encoding="UTF-8"?>
<testng-results ignored="0" total="19" passed="19" failed="0" skipped="0">
  <reporter-output>
  </reporter-output>
  <suite started-at="2026-09-18T14:49:24 IST" name="eCommerce Test Suite" finished-at="2026-09-18T14:50:31 IST" duration-ms="67275">
    <groups>
    </groups>
    <test started-at="2026-09-18T14:49:24 IST" name="All Tests" finished-at="2026-09-18T14:50:31 IST" duration-ms="67275">
      <class name="tests.LoginTest">
        <test-method is-config="true" signature="setUp()[pri:0, instance:tests.LoginTest@5d908d47]" started-at="2026-09-18T14:49:24 IST" name="setUp" finished-at="2026-09-18T14:49:30 IST" duration-ms="5716" status="PASS">
          <reporter-output>
          </reporter-output>
        </test-method> <!-- setUp -->
        <test-method signature="emptyFieldsTest()[pri:0, instance:tests.LoginTest@5d908d47]" started-at="2026-09-18T14:49:30 IST" name="emptyFieldsTest" description="Empty fields test" finished-at="2026-09-18T14:49:30 IST" duration-ms="303" status="PASS">
          <reporter-output>
          </reporter-output>
        </test-method> <!-- emptyFieldsTest -->
        <test-method is-config="true" signature="tearDown()[pri:0, instance:tests.LoginTest@5d908d47]" started-at="2026-09-18T14:49:30 IST" name="tearDown" finished-at="2026-09-18T14:49:30 IST" duration-ms="254" status="PASS">
          <reporter-output>
          </reporter-output>
        </test-method> <!-- tearDown -->
        <test-method is-config="true" signature="setUp()[pri:0, instance:tests.LoginTest@5d908d47]" started-at="2026-09-18T14:49:30 IST" name="setUp" finished-at="2026-09-18T14:49:32 IST" duration-ms="2155" status="PASS">
          <reporter-output>
          </reporter-output>
        </test-method> <!-- setUp -->
        <test-method signature="invalidLoginTest()[pri:0, instance:tests.LoginTest@5d908d47]" started-at="2026-09-18T14:49:32 IST" name="invalidLoginTest" description="Invalid login test" finished-at="2026-09-18T14:49:33 IST" duration-ms="518" status="PASS">
          <reporter-output>
          </reporter-output>
        </test-method> <!-- invalidLoginTest -->
        <test-method is-config="true" signature="tearDown()[pri:0, instance:tests.LoginTest@5d908d47]" started-at="2026-09-18T14:49:33 IST" name="tearDown" finished-at="2026-09-18T14:49:33 IST" duration-ms="178" status="PASS">
          <reporter-output>
          </reporter-output>
        </test-method> <!-- tearDown -->
        <test-method is-config="true" signature="setUp()[pri:0, instance:tests.LoginTest@5d908d47]" started-at="2026-09-18T14:49:33 IST" name="setUp" finished-at="2026-09-18T14:49:35 IST" duration-ms="1709" status="PASS">
          <reporter-output>
          </reporter-output>
        </test-method> <!-- setUp -->
        <test-method signature="lockedUserTest()[pri:0, instance:tests.LoginTest@5d908d47]" started-at="2026-09-18T14:49:35 IST" name="lockedUserTest" description="Locked user test" finished-at="2026-09-18T14:49:35 IST" duration-ms="486" status="PASS">
          <reporter-output>
          </reporter-output>
        </test-method> <!-- lockedUserTest -->
        <test-method is-config="true" signature="tearDown()[pri:0, instance:tests.LoginTest@5d908d47]" started-at="2026-09-18T14:49:35 IST" name="tearDown" finished-at="2026-09-18T14:49:35 IST" duration-ms="206" status="PASS">
          <reporter-output>
          </reporter-output>
        </test-method> <!-- tearDown -->
        <test-method is-config="true" signature="setUp()[pri:0, instance:tests.LoginTest@5d908d47]" started-at="2026-09-18T14:49:35 IST" name="setUp" finished-at="2026-09-18T14:49:37 IST" duration-ms="1809" status="PASS">
          <reporter-output>
          </reporter-output>
        </test-method> <!-- setUp -->
        <test-method signature="validLoginTest()[pri:0, instance:tests.LoginTest@5d908d47]" started-at="2026-09-18T14:49:37 IST" name="validLoginTest" description="Valid login test" finished-at="2026-09-18T14:49:38 IST" duration-ms="615" status="PASS">
          <reporter-output>
          </reporter-output>
        </test-method> <!-- validLoginTest -->
        <test-method is-config="true" signature="tearDown()[pri:0, instance:tests.LoginTest@5d908d47]" started-at="2026-09-18T14:49:38 IST" name="tearDown" finished-at="2026-09-18T14:49:38 IST" duration-ms="225" status="PASS">
          <reporter-output>
          </reporter-output>
        </test-method> <!-- tearDown -->
      </class> <!-- tests.LoginTest -->
      <class name="tests.CartTest">
        <test-method is-config="true" signature="setUp()[pri:0, instance:tests.CartTest@6bb4dd34]" started-at="2026-09-18T14:49:54 IST" name="setUp" finished-at="2026-09-18T14:49:56 IST" duration-ms="1605" status="PASS">
          <reporter-output>
          </reporter-output>
        </test-method> <!-- setUp -->
        <test-method signature="continueShoppingTest()[pri:0, instance:tests.CartTest@6bb4dd34]" started-at="2026-09-18T14:49:56 IST" name="continueShoppingTest" description="Continue shopping" finished-at="2026-09-18T14:49:57 IST" duration-ms="909" status="PASS">
          <reporter-output>
          </reporter-output>
        </test-method> <!-- continueShoppingTest -->
        <test-method is-config="true" signature="tearDown()[pri:0, instance:tests.CartTest@6bb4dd34]" started-at="2026-09-18T14:49:57 IST" name="tearDown" finished-at="2026-09-18T14:49:57 IST" duration-ms="194" status="PASS">
          <reporter-output>
          </reporter-output>
        </test-method> <!-- tearDown -->
        <test-method is-config="true" signature="setUp()[pri:0, instance:tests.CartTest@6bb4dd34]" started-at="2026-09-18T14:49:57 IST" name="setUp" finished-at="2026-09-18T14:49:59 IST" duration-ms="1650" status="PASS">
          <reporter-output>
          </reporter-output>
        </test-method> <!-- setUp -->
        <test-method signature="removeItemFromCartTest()[pri:0, instance:tests.CartTest@6bb4dd34]" started-at="2026-09-18T14:49:59 IST" name="removeItemFromCartTest" description="Remove item from cart" finished-at="2026-09-18T14:50:10 IST" duration-ms="10887" status="PASS">
          <reporter-output>
          </reporter-output>
        </test-method> <!-- removeItemFromCartTest -->
        <test-method is-config="true" signature="tearDown()[pri:0, instance:tests.CartTest@6bb4dd34]" started-at="2026-09-18T14:50:10 IST" name="tearDown" finished-at="2026-09-18T14:50:10 IST" duration-ms="245" status="PASS">
          <reporter-output>
          </reporter-output>
        </test-method> <!-- tearDown -->
        <test-method is-config="true" signature="setUp()[pri:0, instance:tests.CartTest@6bb4dd34]" started-at="2026-09-18T14:50:10 IST" name="setUp" finished-at="2026-09-18T14:50:12 IST" duration-ms="1885" status="PASS">
          <reporter-output>
          </reporter-output>
        </test-method> <!-- setUp -->
        <test-method signature="verifyCartCountTest()[pri:0, instance:tests.CartTest@6bb4dd34]" started-at="2026-09-18T14:50:12 IST" name="verifyCartCountTest" description="Verify cart count" finished-at="2026-09-18T14:50:12 IST" duration-ms="840" status="PASS">
          <reporter-output>
          </reporter-output>
        </test-method> <!-- verifyCartCountTest -->
        <test-method is-config="true" signature="tearDown()[pri:0, instance:tests.CartTest@6bb4dd34]" started-at="2026-09-18T14:50:12 IST" name="tearDown" finished-at="2026-09-18T14:50:13 IST" duration-ms="207" status="PASS">
          <reporter-output>
          </reporter-output>
        </test-method> <!-- tearDown -->
        <test-method is-config="true" signature="setUp()[pri:0, instance:tests.CartTest@6bb4dd34]" started-at="2026-09-18T14:50:13 IST" name="setUp" finished-at="2026-09-18T14:50:14 IST" duration-ms="1709" status="PASS">
          <reporter-output>
          </reporter-output>
        </test-method> <!-- setUp -->
        <test-method signature="verifyItemInCartTest()[pri:0, instance:tests.CartTest@6bb4dd34]" started-at="2026-09-18T14:50:14 IST" name="verifyItemInCartTest" description="Verify item in cart" finished-at="2026-09-18T14:50:15 IST" duration-ms="735" status="PASS">
          <reporter-output>
          </reporter-output>
        </test-method> <!-- verifyItemInCartTest -->
        <test-method is-config="true" signature="tearDown()[pri:0, instance:tests.CartTest@6bb4dd34]" started-at="2026-09-18T14:50:15 IST" name="tearDown" finished-at="2026-09-18T14:50:15 IST" duration-ms="199" status="PASS">
          <reporter-output>
          </reporter-output>
        </test-method> <!-- tearDown -->
      </class> <!-- tests.CartTest -->
      <class name="tests.ProductTest">
        <test-method is-config="true" signature="setUp()[pri:0, instance:tests.ProductTest@2ad48653]" started-at="2026-09-18T14:49:38 IST" name="setUp" finished-at="2026-09-18T14:49:40 IST" duration-ms="1778" status="PASS">
          <reporter-output>
          </reporter-output>
        </test-method> <!-- setUp -->
        <test-method signature="addMultipleProductsTest()[pri:0, instance:tests.ProductTest@2ad48653]" started-at="2026-09-18T14:49:40 IST" name="addMultipleProductsTest" description="Add multiple products" finished-at="2026-09-18T14:49:41 IST" duration-ms="811" status="PASS">
          <reporter-output>
          </reporter-output>
        </test-method> <!-- addMultipleProductsTest -->
        <test-method is-config="true" signature="tearDown()[pri:0, instance:tests.ProductTest@2ad48653]" started-at="2026-09-18T14:49:41 IST" name="tearDown" finished-at="2026-09-18T14:49:41 IST" duration-ms="221" status="PASS">
          <reporter-output>
          </reporter-output>
        </test-method> <!-- tearDown -->
        <test-method is-config="true" signature="setUp()[pri:0, instance:tests.ProductTest@2ad48653]" started-at="2026-09-18T14:49:41 IST" name="setUp" finished-at="2026-09-18T14:49:43 IST" duration-ms="2087" status="PASS">
          <reporter-output>
          </reporter-output>
        </test-method> <!-- setUp -->
        <test-method signature="addProductToCartTest()[pri:0, instance:tests.ProductTest@2ad48653]" started-at="2026-09-18T14:49:43 IST" name="addProductToCartTest" description="Add product to cart" finished-at="2026-09-18T14:49:44 IST" duration-ms="632" status="PASS">
          <reporter-output>
          </reporter-output>
        </test-method> <!-- addProductToCartTest -->
        <test-method is-config="true" signature="tearDown()[pri:0, instance:tests.ProductTest@2ad48653]" started-at="2026-09-18T14:49:44 IST" name="tearDown" finished-at="2026-09-18T14:49:44 IST" duration-ms="214" status="PASS">
          <reporter-output>
          </reporter-output>
        </test-method> <!-- tearDown -->
        <test-method is-config="true" signature="setUp()[pri:0, instance:tests.ProductTest@2ad48653]" started-at="2026-09-18T14:49:44 IST" name="setUp" finished-at="2026-09-18T14:49:46 IST" duration-ms="1930" status="PASS">
          <reporter-output>
          </reporter-output>
        </test-method> <!-- setUp -->
        <test-method signature="sortAtoZTest()[pri:0, instance:tests.ProductTest@2ad48653]" started-at="2026-09-18T14:49:46 IST" name="sortAtoZTest" description="Sort A to Z" finished-at="2026-09-18T14:49:46 IST" duration-ms="598" status="PASS">
          <reporter-output>
          </reporter-output>
        </test-method> <!-- sortAtoZTest -->
        <test-method is-config="true" signature="tearDown()[pri:0, instance:tests.ProductTest@2ad48653]" started-at="2026-09-18T14:49:46 IST" name="tearDown" finished-at="2026-09-18T14:49:47 IST" duration-ms="198" status="PASS">
          <reporter-output>
          </reporter-output>
        </test-method> <!-- tearDown -->
        <test-method is-config="true" signature="setUp()[pri:0, instance:tests.ProductTest@2ad48653]" started-at="2026-09-18T14:49:47 IST" name="setUp" finished-at="2026-09-18T14:49:48 IST" duration-ms="1691" status="PASS">
          <reporter-output>
          </reporter-output>
        </test-method> <!-- setUp -->
        <test-method signature="sortPriceLowHighTest()[pri:0, instance:tests.ProductTest@2ad48653]" started-at="2026-09-18T14:49:48 IST" name="sortPriceLowHighTest" description="Sort price low to high" finished-at="2026-09-18T14:49:49 IST" duration-ms="637" status="PASS">
          <reporter-output>
          </reporter-output>
        </test-method> <!-- sortPriceLowHighTest -->
        <test-method is-config="true" signature="tearDown()[pri:0, instance:tests.ProductTest@2ad48653]" started-at="2026-09-18T14:49:49 IST" name="tearDown" finished-at="2026-09-18T14:49:49 IST" duration-ms="196" status="PASS">
          <reporter-output>
          </reporter-output>
        </test-method> <!-- tearDown -->
        <test-method is-config="true" signature="setUp()[pri:0, instance:tests.ProductTest@2ad48653]" started-at="2026-09-18T14:49:49 IST" name="setUp" finished-at="2026-09-18T14:49:51 IST" duration-ms="1725" status="PASS">
          <reporter-output>
          </reporter-output>
        </test-method> <!-- setUp -->
        <test-method signature="sortZtoATest()[pri:0, instance:tests.ProductTest@2ad48653]" started-at="2026-09-18T14:49:51 IST" name="sortZtoATest" description="Sort Z to A" finished-at="2026-09-18T14:49:51 IST" duration-ms="626" status="PASS">
          <reporter-output>
          </reporter-output>
        </test-method> <!-- sortZtoATest -->
        <test-method is-config="true" signature="tearDown()[pri:0, instance:tests.ProductTest@2ad48653]" started-at="2026-09-18T14:49:51 IST" name="tearDown" finished-at="2026-09-18T14:49:52 IST" duration-ms="207" status="PASS">
          <reporter-output>
          </reporter-output>
        </test-method> <!-- tearDown -->
        <test-method is-config="true" signature="setUp()[pri:0, instance:tests.ProductTest@2ad48653]" started-at="2026-09-18T14:49:52 IST" name="setUp" finished-at="2026-09-18T14:49:54 IST" duration-ms="1827" status="PASS">
          <reporter-output>
          </reporter-output>
        </test-method> <!-- setUp -->
        <test-method signature="verifyProductsPageTest()[pri:0, instance:tests.ProductTest@2ad48653]" started-at="2026-09-18T14:49:54 IST" name="verifyProductsPageTest" description="Verify products page" finished-at="2026-09-18T14:49:54 IST" duration-ms="534" status="PASS">
          <reporter-output>
          </reporter-output>
        </test-method> <!-- verifyProductsPageTest -->
        <test-method is-config="true" signature="tearDown()[pri:0, instance:tests.ProductTest@2ad48653]" started-at="2026-09-18T14:49:54 IST" name="tearDown" finished-at="2026-09-18T14:49:54 IST" duration-ms="204" status="PASS">
          <reporter-output>
          </reporter-output>
        </test-method> <!-- tearDown -->
      </class> <!-- tests.ProductTest -->
      <class name="tests.CheckoutTest">
        <test-method is-config="true" signature="setUp()[pri:0, instance:tests.CheckoutTest@7d9f158f]" started-at="2026-09-18T14:50:15 IST" name="setUp" finished-at="2026-09-18T14:50:17 IST" duration-ms="1689" status="PASS">
          <reporter-output>
          </reporter-output>
        </test-method> <!-- setUp -->
        <test-method signature="completeCheckoutTest()[pri:0, instance:tests.CheckoutTest@7d9f158f]" started-at="2026-09-18T14:50:17 IST" name="completeCheckoutTest" description="Complete E2E checkout" finished-at="2026-09-18T14:50:19 IST" duration-ms="1487" status="PASS">
          <reporter-output>
          </reporter-output>
        </test-method> <!-- completeCheckoutTest -->
        <test-method is-config="true" signature="tearDown()[pri:0, instance:tests.CheckoutTest@7d9f158f]" started-at="2026-09-18T14:50:19 IST" name="tearDown" finished-at="2026-09-18T14:50:19 IST" duration-ms="212" status="PASS">
          <reporter-output>
          </reporter-output>
        </test-method> <!-- tearDown -->
        <test-method is-config="true" signature="setUp()[pri:0, instance:tests.CheckoutTest@7d9f158f]" started-at="2026-09-18T14:50:19 IST" name="setUp" finished-at="2026-09-18T14:50:20 IST" duration-ms="1641" status="PASS">
          <reporter-output>
          </reporter-output>
        </test-method> <!-- setUp -->
        <test-method signature="emptyFirstNameTest()[pri:0, instance:tests.CheckoutTest@7d9f158f]" started-at="2026-09-18T14:50:20 IST" name="emptyFirstNameTest" description="Empty first name" finished-at="2026-09-18T14:50:22 IST" duration-ms="1161" status="PASS">
          <reporter-output>
          </reporter-output>
        </test-method> <!-- emptyFirstNameTest -->
        <test-method is-config="true" signature="tearDown()[pri:0, instance:tests.CheckoutTest@7d9f158f]" started-at="2026-09-18T14:50:22 IST" name="tearDown" finished-at="2026-09-18T14:50:22 IST" duration-ms="210" status="PASS">
          <reporter-output>
          </reporter-output>
        </test-method> <!-- tearDown -->
        <test-method is-config="true" signature="setUp()[pri:0, instance:tests.CheckoutTest@7d9f158f]" started-at="2026-09-18T14:50:22 IST" name="setUp" finished-at="2026-09-18T14:50:23 IST" duration-ms="1730" status="PASS">
          <reporter-output>
          </reporter-output>
        </test-method> <!-- setUp -->
        <test-method signature="emptyLastNameTest()[pri:0, instance:tests.CheckoutTest@7d9f158f]" started-at="2026-09-18T14:50:23 IST" name="emptyLastNameTest" description="Empty last name" finished-at="2026-09-18T14:50:25 IST" duration-ms="1202" status="PASS">
          <reporter-output>
          </reporter-output>
        </test-method> <!-- emptyLastNameTest -->
        <test-method is-config="true" signature="tearDown()[pri:0, instance:tests.CheckoutTest@7d9f158f]" started-at="2026-09-18T14:50:25 IST" name="tearDown" finished-at="2026-09-18T14:50:25 IST" duration-ms="205" status="PASS">
          <reporter-output>
          </reporter-output>
        </test-method> <!-- tearDown -->
        <test-method is-config="true" signature="setUp()[pri:0, instance:tests.CheckoutTest@7d9f158f]" started-at="2026-09-18T14:50:25 IST" name="setUp" finished-at="2026-09-18T14:50:27 IST" duration-ms="1662" status="PASS">
          <reporter-output>
          </reporter-output>
        </test-method> <!-- setUp -->
        <test-method signature="emptyPostalCodeTest()[pri:0, instance:tests.CheckoutTest@7d9f158f]" started-at="2026-09-18T14:50:27 IST" name="emptyPostalCodeTest" description="Empty postal code" finished-at="2026-09-18T14:50:28 IST" duration-ms="1279" status="PASS">
          <reporter-output>
          </reporter-output>
        </test-method> <!-- emptyPostalCodeTest -->
        <test-method is-config="true" signature="tearDown()[pri:0, instance:tests.CheckoutTest@7d9f158f]" started-at="2026-09-18T14:50:28 IST" name="tearDown" finished-at="2026-09-18T14:50:28 IST" duration-ms="190" status="PASS">
          <reporter-output>
          </reporter-output>
        </test-method> <!-- tearDown -->
        <test-method is-config="true" signature="setUp()[pri:0, instance:tests.CheckoutTest@7d9f158f]" started-at="2026-09-18T14:50:28 IST" name="setUp" finished-at="2026-09-18T14:50:30 IST" duration-ms="1644" status="PASS">
          <reporter-output>
          </reporter-output>
        </test-method> <!-- setUp -->
        <test-method signature="verifyOrderSummaryTest()[pri:0, instance:tests.CheckoutTest@7d9f158f]" started-at="2026-09-18T14:50:30 IST" name="verifyOrderSummaryTest" description="Verify order summary" finished-at="2026-09-18T14:50:31 IST" duration-ms="1293" status="PASS">
          <reporter-output>
          </reporter-output>
        </test-method> <!-- verifyOrderSummaryTest -->
        <test-method is-config="true" signature="tearDown()[pri:0, instance:tests.CheckoutTest@7d9f158f]" started-at="2026-09-18T14:50:31 IST" name="tearDown" finished-at="2026-09-18T14:50:31 IST" duration-ms="197" status="PASS">
          <reporter-output>
          </reporter-output>
        </test-method> <!-- tearDown -->
      </class> <!-- tests.CheckoutTest -->
    </test> <!-- All Tests -->
  </suite> <!-- eCommerce Test Suite -->
</testng-results>
