<?xml version="1.0" encoding="UTF-8"?>
<!-- Generated by org.testng.reporters.JUnitReportReporter -->
<testsuite hostname="DESKTOP-22O9FQC" failures="0" tests="5" name="tests.CheckoutTest" time="17.269" errors="0" timestamp="2026-09-18T14:35:17 IST" skipped="0">
  <testcase classname="tests.CheckoutTest" name="emptyLastNameTest" time="3.241"/>
  <testcase classname="tests.CheckoutTest" name="emptyPostalCodeTest" time="3.374"/>
  <testcase classname="tests.CheckoutTest" name="completeCheckoutTest" time="3.544"/>
  <testcase classname="tests.CheckoutTest" name="verifyOrderSummaryTest" time="3.669"/>
  <testcase classname="tests.CheckoutTest" name="emptyFirstNameTest" time="3.441"/>
</testsuite> <!-- tests.CheckoutTest -->
