<?xml version="1.0" encoding="UTF-8"?>
<!-- Generated by org.testng.reporters.JUnitReportReporter -->
<testsuite hostname="DESKTOP-22O9FQC" failures="0" tests="6" name="tests.ProductTest" time="16.116" errors="0" timestamp="2026-09-18T14:50:32 IST" skipped="0">
  <testcase classname="tests.ProductTest" name="addProductToCartTest" time="2.537"/>
  <testcase classname="tests.ProductTest" name="addMultipleProductsTest" time="2.939"/>
  <testcase classname="tests.ProductTest" name="sortAtoZTest" time="2.881"/>
  <testcase classname="tests.ProductTest" name="sortPriceLowHighTest" time="2.619"/>
  <testcase classname="tests.ProductTest" name="sortZtoATest" time="2.572"/>
  <testcase classname="tests.ProductTest" name="verifyProductsPageTest" time="2.568"/>
</testsuite> <!-- tests.ProductTest -->
