<?xml version="1.0" encoding="UTF-8"?>
<!-- Generated by org.testng.reporters.JUnitReportReporter -->
<testsuite hostname="DESKTOP-22O9FQC" failures="0" tests="4" name="tests.CartTest" time="21.065" errors="0" timestamp="2026-09-18T14:50:32 IST" skipped="0">
  <testcase classname="tests.CartTest" name="removeItemFromCartTest" time="12.736"/>
  <testcase classname="tests.CartTest" name="continueShoppingTest" time="3.039"/>
  <testcase classname="tests.CartTest" name="verifyCartCountTest" time="2.652"/>
  <testcase classname="tests.CartTest" name="verifyItemInCartTest" time="2.638"/>
</testsuite> <!-- tests.CartTest -->
