<?xml version="1.0" encoding="UTF-8"?>
<!-- Generated by org.testng.reporters.JUnitReportReporter -->
<testsuite hostname="DESKTOP-22O9FQC" failures="0" tests="5" name="tests.CheckoutTest" time="15.802" errors="0" timestamp="2026-09-18T14:50:32 IST" skipped="0">
  <testcase classname="tests.CheckoutTest" name="emptyLastNameTest" time="3.053"/>
  <testcase classname="tests.CheckoutTest" name="verifyOrderSummaryTest" time="3.220"/>
  <testcase classname="tests.CheckoutTest" name="emptyPostalCodeTest" time="3.158"/>
  <testcase classname="tests.CheckoutTest" name="completeCheckoutTest" time="3.343"/>
  <testcase classname="tests.CheckoutTest" name="emptyFirstNameTest" time="3.028"/>
</testsuite> <!-- tests.CheckoutTest -->
