<?xml version="1.0" encoding="UTF-8"?>
<!-- Generated by org.testng.reporters.JUnitReportReporter -->
<testsuite hostname="DESKTOP-22O9FQC" failures="0" tests="4" name="tests.LoginTest" time="14.174" errors="0" timestamp="2026-09-18T14:50:32 IST" skipped="0">
  <testcase classname="tests.LoginTest" name="validLoginTest" time="2.948"/>
  <testcase classname="tests.LoginTest" name="emptyFieldsTest" time="6.244"/>
  <testcase classname="tests.LoginTest" name="invalidLoginTest" time="2.481"/>
  <testcase classname="tests.LoginTest" name="lockedUserTest" time="2.501"/>
</testsuite> <!-- tests.LoginTest -->
