<?xml version="1.0" encoding="UTF-8"?>
<!-- Generated by org.testng.reporters.JUnitXMLReporter -->
<testsuite ignored="0" hostname="DESKTOP-22O9FQC" failures="0" tests="19" name="All Tests" time="67.275" errors="0" timestamp="2026-09-18T14:50:32 IST">
  <testcase classname="tests.LoginTest" name="emptyFieldsTest" time="0.303"/>
  <testcase classname="tests.LoginTest" name="invalidLoginTest" time="0.518"/>
  <testcase classname="tests.LoginTest" name="lockedUserTest" time="0.486"/>
  <testcase classname="tests.LoginTest" name="validLoginTest" time="0.615"/>
  <testcase classname="tests.ProductTest" name="addMultipleProductsTest" time="0.811"/>
  <testcase classname="tests.ProductTest" name="addProductToCartTest" time="0.632"/>
  <testcase classname="tests.ProductTest" name="sortAtoZTest" time="0.598"/>
  <testcase classname="tests.ProductTest" name="sortPriceLowHighTest" time="0.637"/>
  <testcase classname="tests.ProductTest" name="sortZtoATest" time="0.626"/>
  <testcase classname="tests.ProductTest" name="verifyProductsPageTest" time="0.534"/>
  <testcase classname="tests.CartTest" name="continueShoppingTest" time="0.909"/>
  <testcase classname="tests.CartTest" name="removeItemFromCartTest" time="10.887"/>
  <testcase classname="tests.CartTest" name="verifyCartCountTest" time="0.84"/>
  <testcase classname="tests.CartTest" name="verifyItemInCartTest" time="0.735"/>
  <testcase classname="tests.CheckoutTest" name="completeCheckoutTest" time="1.487"/>
  <testcase classname="tests.CheckoutTest" name="emptyFirstNameTest" time="1.161"/>
  <testcase classname="tests.CheckoutTest" name="emptyLastNameTest" time="1.202"/>
  <testcase classname="tests.CheckoutTest" name="emptyPostalCodeTest" time="1.279"/>
  <testcase classname="tests.CheckoutTest" name="verifyOrderSummaryTest" time="1.293"/>
</testsuite> <!-- All Tests -->
