<?xml version="1.0" encoding="UTF-8"?>
<!-- Generated by org.testng.reporters.JUnitXMLReporter -->
<testsuite ignored="4" hostname="DESKTOP-22O9FQC" failures="0" tests="1" name="Default test" time="22.668" errors="0" timestamp="2026-05-04T13:05:26 IST">
  <testcase classname="tests.CheckoutTest" name="completeCheckoutTest" time="5.112"/>
  <testcase classname="tests.CheckoutTest" name="emptyFirstNameTest" time="0.0">
    <ignored/>
  </testcase> <!-- emptyFirstNameTest -->
  <testcase classname="tests.CheckoutTest" name="emptyLastNameTest" time="0.0">
    <ignored/>
  </testcase> <!-- emptyLastNameTest -->
  <testcase classname="tests.CheckoutTest" name="verifyOrderSummaryTest" time="0.0">
    <ignored/>
  </testcase> <!-- verifyOrderSummaryTest -->
  <testcase classname="tests.CheckoutTest" name="emptyPostalCodeTest" time="0.0">
    <ignored/>
  </testcase> <!-- emptyPostalCodeTest -->
</testsuite> <!-- Default test -->
